2015-05-12 15:06:33,054 - INFO: wso2server.resource_types.<module>()@146: Server  Starting...::
2015-05-12 15:06:33,103 - WARNING: wso2server.ddbrowser.__init__()@72: Webbrowser -TabCloseOther
2015-05-12 15:07:01,449 - INFO: wso2server.resource_types.<module>()@146: Server  Starting...::
2015-05-12 15:07:15,165 - INFO: wso2server.resource_types.<module>()@146: Server  Starting...::
2015-05-12 15:07:40,457 - INFO: wso2server.resource_types.<module>()@146: Server  Starting...::
2015-05-12 15:07:50,463 - DEBUG: wso2server.resource_types.<module>()@172: No update policy found for Kernel, skipping update...!
2015-05-12 15:07:50,463 - DEBUG: wso2server.resource_types.<module>()@184: No update policy found for Content, skipping update...!
2015-05-12 15:17:47,994 - INFO: wso2server.resource_types.<module>()@146: Server  Starting...::
2015-05-12 15:17:48,044 - WARNING: wso2server.ddbrowser.__init__()@72: Webbrowser -TabCloseOther
2015-05-12 15:18:25,805 - INFO: wso2server.resource_types.<module>()@146: Server  Starting...::
2015-05-12 15:18:43,279 - INFO: wso2server.resource_types.<module>()@146: Server  Starting...::
2015-05-12 15:19:01,952 - INFO: wso2server.resource_types.<module>()@146: Server  Starting...::
2015-05-12 15:19:22,192 - INFO: wso2server.resource_types.<module>()@146: Server  Starting...::
2015-05-12 15:19:31,530 - INFO: wso2server.resource_types.<module>()@146: Server  Starting...::
2015-05-12 15:19:41,537 - DEBUG: wso2server.version_control.init_local_repo()@50: Creating local repo dd-kernel...
2015-05-12 15:19:41,538 - DEBUG: wso2server.version_control.init_local_repo()@53: Running process...
2015-05-12 15:19:41,585 - DEBUG: wso2server.resource_types.run()@110: folder: run()
2015-05-12 15:19:41,585 - DEBUG: wso2server.resource_types.run()@115: opening: http://localhost:8000/eventsapp
2015-05-12 15:19:41,585 - DEBUG: wso2server.ddbrowser.open()@49: open http://localhost:8000/eventsapp
2015-05-12 15:54:07,856 - INFO: wso2server.resource_types.<module>()@146: Server  Starting...::
2015-05-12 15:54:31,257 - INFO: wso2server.resource_types.<module>()@146: Server  Starting...::
2015-05-12 15:54:41,301 - DEBUG: wso2server.resource_types.run()@110: folder: run()
2015-05-12 15:54:41,302 - DEBUG: wso2server.resource_types.run()@115: opening: http://localhost:8000/eventsapp
2015-05-12 15:54:41,303 - DEBUG: wso2server.ddbrowser.open()@49: open http://localhost:8000/eventsapp
2015-05-12 15:59:41,302 - DEBUG: wso2server.resource_types.stop()@118: folder: stop()
2015-05-12 15:59:41,302 - DEBUG: wso2server.resource_types.run()@110: folder: run()
2015-05-12 15:59:41,302 - DEBUG: wso2server.resource_types.run()@115: opening: http://localhost:8000/eventsapp
2015-05-12 15:59:41,302 - DEBUG: wso2server.ddbrowser.open()@49: open http://localhost:8000/eventsapp
2015-05-12 16:04:41,301 - DEBUG: wso2server.resource_types.stop()@118: folder: stop()
2015-05-12 16:04:41,301 - DEBUG: wso2server.resource_types.run()@110: folder: run()
2015-05-12 16:04:41,301 - DEBUG: wso2server.resource_types.run()@115: opening: http://localhost:8000/eventsapp
2015-05-12 16:04:41,301 - DEBUG: wso2server.ddbrowser.open()@49: open http://localhost:8000/eventsapp
2015-05-12 16:09:41,300 - DEBUG: wso2server.resource_types.stop()@118: folder: stop()
2015-05-12 16:09:41,300 - DEBUG: wso2server.resource_types.run()@110: folder: run()
2015-05-12 16:09:41,300 - DEBUG: wso2server.resource_types.run()@115: opening: http://localhost:8000/eventsapp
2015-05-12 16:09:41,301 - DEBUG: wso2server.ddbrowser.open()@49: open http://localhost:8000/eventsapp
2015-05-12 16:14:41,298 - DEBUG: wso2server.resource_types.stop()@118: folder: stop()
2015-05-12 16:14:41,298 - DEBUG: wso2server.resource_types.run()@110: folder: run()
2015-05-12 16:14:41,298 - DEBUG: wso2server.resource_types.run()@115: opening: http://localhost:8000/eventsapp
2015-05-12 16:14:41,298 - DEBUG: wso2server.ddbrowser.open()@49: open http://localhost:8000/eventsapp
2015-05-12 16:25:50,775 - DEBUG: wso2server.resource_types.stop()@118: folder: stop()
2015-05-12 16:25:50,776 - DEBUG: wso2server.resource_types.run()@110: folder: run()
2015-05-12 16:25:50,776 - DEBUG: wso2server.resource_types.run()@115: opening: http://localhost:8000/eventsapp
2015-05-12 16:25:50,776 - DEBUG: wso2server.ddbrowser.open()@49: open http://localhost:8000/eventsapp
2015-05-12 16:30:50,773 - DEBUG: wso2server.resource_types.stop()@118: folder: stop()
2015-05-12 16:30:50,773 - DEBUG: wso2server.resource_types.run()@110: folder: run()
2015-05-12 16:30:50,773 - DEBUG: wso2server.resource_types.run()@115: opening: http://localhost:8000/eventsapp
2015-05-12 16:30:50,774 - DEBUG: wso2server.ddbrowser.open()@49: open http://localhost:8000/eventsapp
2015-05-12 16:35:50,772 - DEBUG: wso2server.resource_types.stop()@118: folder: stop()
2015-05-12 16:35:50,773 - DEBUG: wso2server.resource_types.run()@110: folder: run()
2015-05-12 16:35:50,773 - DEBUG: wso2server.resource_types.run()@115: opening: http://localhost:8000/eventsapp
2015-05-12 16:35:50,773 - DEBUG: wso2server.ddbrowser.open()@49: open http://localhost:8000/eventsapp
2015-05-12 16:40:50,772 - DEBUG: wso2server.resource_types.stop()@118: folder: stop()
2015-05-12 16:40:50,772 - DEBUG: wso2server.resource_types.run()@110: folder: run()
2015-05-12 16:40:50,772 - DEBUG: wso2server.resource_types.run()@115: opening: http://localhost:8000/eventsapp
2015-05-12 16:40:50,772 - DEBUG: wso2server.ddbrowser.open()@49: open http://localhost:8000/eventsapp
2015-05-12 16:45:50,769 - DEBUG: wso2server.resource_types.stop()@118: folder: stop()
2015-05-12 16:45:50,770 - DEBUG: wso2server.resource_types.run()@110: folder: run()
2015-05-12 16:45:50,770 - DEBUG: wso2server.resource_types.run()@115: opening: http://localhost:8000/eventsapp
2015-05-12 16:45:50,770 - DEBUG: wso2server.ddbrowser.open()@49: open http://localhost:8000/eventsapp
2015-05-12 17:03:32,189 - DEBUG: wso2server.resource_types.stop()@118: folder: stop()
2015-05-12 17:03:32,190 - DEBUG: wso2server.resource_types.run()@110: folder: run()
2015-05-12 17:03:32,191 - DEBUG: wso2server.resource_types.run()@115: opening: http://localhost:8000/eventsapp
2015-05-12 17:03:32,191 - DEBUG: wso2server.ddbrowser.open()@49: open http://localhost:8000/eventsapp
2015-05-12 17:08:32,189 - DEBUG: wso2server.resource_types.stop()@118: folder: stop()
2015-05-12 17:08:32,190 - DEBUG: wso2server.resource_types.run()@110: folder: run()
2015-05-12 17:08:32,190 - DEBUG: wso2server.resource_types.run()@115: opening: http://localhost:8000/eventsapp
2015-05-12 17:08:32,190 - DEBUG: wso2server.ddbrowser.open()@49: open http://localhost:8000/eventsapp
2015-05-12 17:13:32,187 - DEBUG: wso2server.resource_types.stop()@118: folder: stop()
2015-05-12 17:13:32,190 - DEBUG: wso2server.resource_types.run()@110: folder: run()
2015-05-12 17:13:32,190 - DEBUG: wso2server.resource_types.run()@115: opening: http://localhost:8000/eventsapp
2015-05-12 17:13:32,190 - DEBUG: wso2server.ddbrowser.open()@49: open http://localhost:8000/eventsapp
2015-05-12 17:18:32,190 - DEBUG: wso2server.resource_types.stop()@118: folder: stop()
2015-05-12 17:18:32,191 - DEBUG: wso2server.resource_types.run()@110: folder: run()
2015-05-12 17:18:32,191 - DEBUG: wso2server.resource_types.run()@115: opening: http://localhost:8000/eventsapp
2015-05-12 17:18:32,191 - DEBUG: wso2server.ddbrowser.open()@49: open http://localhost:8000/eventsapp
2015-05-12 17:23:32,188 - DEBUG: wso2server.resource_types.stop()@118: folder: stop()
2015-05-12 17:23:32,188 - DEBUG: wso2server.resource_types.run()@110: folder: run()
2015-05-12 17:23:32,189 - DEBUG: wso2server.resource_types.run()@115: opening: http://localhost:8000/eventsapp
2015-05-12 17:23:32,189 - DEBUG: wso2server.ddbrowser.open()@49: open http://localhost:8000/eventsapp
2015-05-12 17:28:32,188 - DEBUG: wso2server.resource_types.stop()@118: folder: stop()
2015-05-12 17:28:32,188 - DEBUG: wso2server.resource_types.run()@110: folder: run()
2015-05-12 17:28:32,188 - DEBUG: wso2server.resource_types.run()@115: opening: http://localhost:8000/eventsapp
2015-05-12 17:28:32,188 - DEBUG: wso2server.ddbrowser.open()@49: open http://localhost:8000/eventsapp
2015-05-12 17:30:09,149 - INFO: wso2server.resource_types.main()@202: Server  Starting...
2015-05-12 17:30:09,154 - DEBUG: wso2server.version_control.init_local_repo()@50: Creating local repo dd-kernel...
2015-05-12 17:30:09,157 - DEBUG: wso2server.version_control.init_local_repo()@53: Running process...
2015-05-12 17:30:19,206 - DEBUG: wso2server.resource_types.run()@110: folder: run()
2015-05-12 17:30:19,206 - DEBUG: wso2server.resource_types.run()@115: opening: http://localhost:8000/eventsapp
2015-05-12 17:30:19,207 - DEBUG: wso2server.ddbrowser.open()@49: open http://localhost:8000/eventsapp
2015-05-12 17:35:19,202 - DEBUG: wso2server.resource_types.stop()@118: folder: stop()
2015-05-12 17:35:19,202 - DEBUG: wso2server.resource_types.run()@110: folder: run()
2015-05-12 17:35:19,202 - DEBUG: wso2server.resource_types.run()@115: opening: http://localhost:8000/eventsapp
2015-05-12 17:35:19,202 - DEBUG: wso2server.ddbrowser.open()@49: open http://localhost:8000/eventsapp
2015-05-12 17:40:19,199 - DEBUG: wso2server.resource_types.stop()@118: folder: stop()
2015-05-12 17:40:19,200 - DEBUG: wso2server.resource_types.run()@110: folder: run()
2015-05-12 17:40:19,200 - DEBUG: wso2server.resource_types.run()@115: opening: http://localhost:8000/eventsapp
2015-05-12 17:40:19,200 - DEBUG: wso2server.ddbrowser.open()@49: open http://localhost:8000/eventsapp
2015-05-12 17:56:06,474 - INFO: wso2server.resource_types.main()@202: Server  Starting...
2015-05-12 17:56:06,493 - DEBUG: wso2server.version_control.init_local_repo()@50: Creating local repo dd-kernel...
2015-05-12 17:56:06,496 - DEBUG: wso2server.version_control.init_local_repo()@53: Running process...
2015-05-12 17:56:07,279 - INFO: wso2server.resource_types.main()@202: Server  Starting...
2015-05-12 17:56:07,335 - WARNING: wso2server.version_control.check_remote_changes()@85: Error occured on check_remote_changes():localCommand 'git rev-parse HEAD' returned non-zero exit status 128
2015-05-12 17:56:07,336 - DEBUG: wso2server.resource_types.poll_update()@198: No update policy found for Content, skipping update...!
2015-05-12 17:56:33,841 - INFO: wso2server.resource_types.main()@202: Server  Starting...
2015-05-12 17:56:33,847 - DEBUG: wso2server.version_control.init_local_repo()@50: Creating local repo dd-kernel...
2015-05-12 17:56:33,849 - DEBUG: wso2server.version_control.init_local_repo()@53: Running process...
2015-05-12 17:56:43,890 - DEBUG: wso2server.resource_types.run()@110: folder: run()
2015-05-12 17:56:43,890 - DEBUG: wso2server.resource_types.run()@115: opening: http://localhost:8000/eventsapp
2015-05-12 17:56:43,890 - DEBUG: wso2server.ddbrowser.open()@49: open http://localhost:8000/eventsapp
2015-05-12 18:01:43,890 - DEBUG: wso2server.resource_types.stop()@118: folder: stop()
2015-05-12 18:01:43,891 - DEBUG: wso2server.resource_types.run()@110: folder: run()
2015-05-12 18:01:43,891 - DEBUG: wso2server.resource_types.run()@115: opening: http://localhost:8000/eventsapp
2015-05-12 18:01:43,891 - DEBUG: wso2server.ddbrowser.open()@49: open http://localhost:8000/eventsapp
2015-05-12 18:06:43,892 - DEBUG: wso2server.resource_types.stop()@118: folder: stop()
2015-05-12 18:06:43,893 - DEBUG: wso2server.resource_types.run()@110: folder: run()
2015-05-12 18:06:43,893 - DEBUG: wso2server.resource_types.run()@115: opening: http://localhost:8000/eventsapp
2015-05-12 18:06:43,893 - DEBUG: wso2server.ddbrowser.open()@49: open http://localhost:8000/eventsapp
2015-05-12 18:11:43,891 - DEBUG: wso2server.resource_types.stop()@118: folder: stop()
2015-05-12 18:11:43,891 - DEBUG: wso2server.resource_types.run()@110: folder: run()
2015-05-12 18:11:43,891 - DEBUG: wso2server.resource_types.run()@115: opening: http://localhost:8000/eventsapp
2015-05-12 18:11:43,891 - DEBUG: wso2server.ddbrowser.open()@49: open http://localhost:8000/eventsapp
2015-05-12 18:16:43,892 - DEBUG: wso2server.resource_types.stop()@118: folder: stop()
2015-05-12 18:16:43,892 - DEBUG: wso2server.resource_types.run()@110: folder: run()
2015-05-12 18:16:43,892 - DEBUG: wso2server.resource_types.run()@115: opening: http://localhost:8000/eventsapp
2015-05-12 18:16:43,893 - DEBUG: wso2server.ddbrowser.open()@49: open http://localhost:8000/eventsapp
2015-05-12 18:21:33,565 - INFO: wso2server.resource_types.main()@234: Server  Starting...
2015-05-12 18:21:33,569 - DEBUG: wso2server.version_control.init_local_repo()@51: Creating local repo dd-kernel...
2015-05-12 18:21:33,571 - DEBUG: wso2server.version_control.init_local_repo()@54: Running process...
2015-05-12 18:21:43,624 - DEBUG: wso2server.resource_types.run()@110: folder: run()
2015-05-12 18:21:43,624 - DEBUG: wso2server.resource_types.run()@115: opening: http://localhost:8000/eventsapp
2015-05-12 18:21:43,624 - DEBUG: wso2server.ddbrowser.open()@49: open http://localhost:8000/eventsapp
2015-05-12 18:23:03,560 - INFO: wso2server.resource_types.main()@234: Server  Starting...
2015-05-12 18:23:11,825 - DEBUG: wso2server.version_control.check_remote_changes()@101: dd-kernel
2015-05-12 18:23:11,826 - DEBUG: wso2server.version_control.check_remote_changes()@102: local rev: 'dc93e01ae8a626e0cbff709c5199db463ed3b91c'
2015-05-12 18:23:11,827 - DEBUG: wso2server.version_control.check_remote_changes()@103: remote_rev: 'dc93e01ae8a626e0cbff709c5199db463ed3b91c'
2015-05-12 18:23:11,827 - DEBUG: wso2server.resource_types.poll_update()@229: No update policy found for Content, skipping update...!
2015-05-12 18:23:13,612 - DEBUG: wso2server.resource_types.run()@110: folder: run()
2015-05-12 18:23:13,612 - DEBUG: wso2server.resource_types.run()@115: opening: http://localhost:8000/eventsapp
2015-05-12 18:23:13,612 - DEBUG: wso2server.ddbrowser.open()@49: open http://localhost:8000/eventsapp
2015-05-12 18:23:46,004 - DEBUG: wso2server.version_control.check_remote_changes()@101: dd-kernel
2015-05-12 18:23:46,005 - DEBUG: wso2server.version_control.check_remote_changes()@102: local rev: 'dc93e01ae8a626e0cbff709c5199db463ed3b91c'
2015-05-12 18:23:46,005 - DEBUG: wso2server.version_control.check_remote_changes()@103: remote_rev: 'dc93e01ae8a626e0cbff709c5199db463ed3b91c'
2015-05-12 18:24:20,262 - DEBUG: wso2server.version_control.check_remote_changes()@101: dd-kernel
2015-05-12 18:24:20,262 - DEBUG: wso2server.version_control.check_remote_changes()@102: local rev: 'dc93e01ae8a626e0cbff709c5199db463ed3b91c'
2015-05-12 18:24:20,262 - DEBUG: wso2server.version_control.check_remote_changes()@103: remote_rev: 'dc93e01ae8a626e0cbff709c5199db463ed3b91c'
2015-05-12 18:24:42,183 - INFO: wso2server.resource_types.main()@234: [34mServer  Starting...[0m
2015-05-12 18:24:46,340 - DEBUG: wso2server.version_control.check_remote_changes()@102: [32mdd-kernel[0m
2015-05-12 18:24:46,341 - DEBUG: wso2server.version_control.check_remote_changes()@103: [32mlocal rev: 'dc93e01ae8a626e0cbff709c5199db463ed3b91c'[0m
2015-05-12 18:24:46,341 - DEBUG: wso2server.version_control.check_remote_changes()@104: [32mremote_rev: 'dc93e01ae8a626e0cbff709c5199db463ed3b91c'[0m
2015-05-12 18:24:46,342 - DEBUG: wso2server.resource_types.poll_update()@229: [32mNo update policy found for Content, skipping update...![0m
2015-05-12 18:24:52,233 - DEBUG: wso2server.resource_types.run()@110: [32mfolder: run()[0m
2015-05-12 18:24:52,233 - DEBUG: wso2server.resource_types.run()@115: [32mopening: http://localhost:8000/eventsapp[0m
2015-05-12 18:24:52,234 - DEBUG: wso2server.ddbrowser.open()@49: [32mopen http://localhost:8000/eventsapp[0m
2015-05-12 18:25:23,142 - DEBUG: wso2server.version_control.check_remote_changes()@102: [32mdd-kernel[0m
2015-05-12 18:25:23,143 - DEBUG: wso2server.version_control.check_remote_changes()@103: [32mlocal rev: 'dc93e01ae8a626e0cbff709c5199db463ed3b91c'[0m
2015-05-12 18:25:23,143 - DEBUG: wso2server.version_control.check_remote_changes()@104: [32mremote_rev: 'dc93e01ae8a626e0cbff709c5199db463ed3b91c'[0m
2015-05-12 18:25:57,401 - DEBUG: wso2server.version_control.check_remote_changes()@102: [32mdd-kernel[0m
2015-05-12 18:25:57,401 - DEBUG: wso2server.version_control.check_remote_changes()@103: [32mlocal rev: 'dc93e01ae8a626e0cbff709c5199db463ed3b91c'[0m
2015-05-12 18:25:57,402 - DEBUG: wso2server.version_control.check_remote_changes()@104: [32mremote_rev: 'dc93e01ae8a626e0cbff709c5199db463ed3b91c'[0m
2015-05-12 18:26:31,661 - DEBUG: wso2server.version_control.check_remote_changes()@102: [32mdd-kernel[0m
2015-05-12 18:26:31,662 - DEBUG: wso2server.version_control.check_remote_changes()@103: [32mlocal rev: 'dc93e01ae8a626e0cbff709c5199db463ed3b91c'[0m
2015-05-12 18:26:31,662 - DEBUG: wso2server.version_control.check_remote_changes()@104: [32mremote_rev: 'dc93e01ae8a626e0cbff709c5199db463ed3b91c'[0m
2015-05-12 18:27:11,039 - DEBUG: wso2server.version_control.check_remote_changes()@102: [32mdd-kernel[0m
2015-05-12 18:27:11,039 - DEBUG: wso2server.version_control.check_remote_changes()@103: [32mlocal rev: 'dc93e01ae8a626e0cbff709c5199db463ed3b91c'[0m
2015-05-12 18:27:11,039 - DEBUG: wso2server.version_control.check_remote_changes()@104: [32mremote_rev: 'dc93e01ae8a626e0cbff709c5199db463ed3b91c'[0m
2015-05-12 18:27:45,403 - DEBUG: wso2server.version_control.check_remote_changes()@102: [32mdd-kernel[0m
2015-05-12 18:27:45,403 - DEBUG: wso2server.version_control.check_remote_changes()@103: [32mlocal rev: 'dc93e01ae8a626e0cbff709c5199db463ed3b91c'[0m
2015-05-12 18:27:45,403 - DEBUG: wso2server.version_control.check_remote_changes()@104: [32mremote_rev: 'dc93e01ae8a626e0cbff709c5199db463ed3b91c'[0m
2015-05-12 18:28:20,393 - DEBUG: wso2server.version_control.check_remote_changes()@102: [32mdd-kernel[0m
2015-05-12 18:28:20,393 - DEBUG: wso2server.version_control.check_remote_changes()@103: [32mlocal rev: 'dc93e01ae8a626e0cbff709c5199db463ed3b91c'[0m
2015-05-12 18:28:20,393 - DEBUG: wso2server.version_control.check_remote_changes()@104: [32mremote_rev: 'dc93e01ae8a626e0cbff709c5199db463ed3b91c'[0m
2015-05-12 18:28:54,653 - DEBUG: wso2server.version_control.check_remote_changes()@102: [32mdd-kernel[0m
2015-05-12 18:28:54,653 - DEBUG: wso2server.version_control.check_remote_changes()@103: [32mlocal rev: 'dc93e01ae8a626e0cbff709c5199db463ed3b91c'[0m
2015-05-12 18:28:54,653 - DEBUG: wso2server.version_control.check_remote_changes()@104: [32mremote_rev: 'dc93e01ae8a626e0cbff709c5199db463ed3b91c'[0m
2015-05-12 18:29:28,912 - DEBUG: wso2server.version_control.check_remote_changes()@102: [32mdd-kernel[0m
2015-05-12 18:29:28,912 - DEBUG: wso2server.version_control.check_remote_changes()@103: [32mlocal rev: 'dc93e01ae8a626e0cbff709c5199db463ed3b91c'[0m
2015-05-12 18:29:28,913 - DEBUG: wso2server.version_control.check_remote_changes()@104: [32mremote_rev: 'dc93e01ae8a626e0cbff709c5199db463ed3b91c'[0m
2015-05-12 18:29:52,233 - DEBUG: wso2server.resource_types.stop()@118: [32mfolder: stop()[0m
2015-05-12 18:29:52,233 - DEBUG: wso2server.resource_types.run()@110: [32mfolder: run()[0m
2015-05-12 18:29:52,233 - DEBUG: wso2server.resource_types.run()@115: [32mopening: http://localhost:8000/eventsapp[0m
2015-05-12 18:29:52,234 - DEBUG: wso2server.ddbrowser.open()@49: [32mopen http://localhost:8000/eventsapp[0m
2015-05-12 18:30:03,380 - DEBUG: wso2server.version_control.check_remote_changes()@102: [32mdd-kernel[0m
2015-05-12 18:30:03,381 - DEBUG: wso2server.version_control.check_remote_changes()@103: [32mlocal rev: 'dc93e01ae8a626e0cbff709c5199db463ed3b91c'[0m
2015-05-12 18:30:03,381 - DEBUG: wso2server.version_control.check_remote_changes()@104: [32mremote_rev: 'dc93e01ae8a626e0cbff709c5199db463ed3b91c'[0m
2015-05-12 18:30:39,415 - DEBUG: wso2server.version_control.check_remote_changes()@102: [32mdd-kernel[0m
2015-05-12 18:30:39,416 - DEBUG: wso2server.version_control.check_remote_changes()@103: [32mlocal rev: 'dc93e01ae8a626e0cbff709c5199db463ed3b91c'[0m
2015-05-12 18:30:39,416 - DEBUG: wso2server.version_control.check_remote_changes()@104: [32mremote_rev: 'dc93e01ae8a626e0cbff709c5199db463ed3b91c'[0m
2015-05-12 18:31:17,331 - DEBUG: wso2server.version_control.check_remote_changes()@102: [32mdd-kernel[0m
2015-05-12 18:31:17,331 - DEBUG: wso2server.version_control.check_remote_changes()@103: [32mlocal rev: 'dc93e01ae8a626e0cbff709c5199db463ed3b91c'[0m
2015-05-12 18:31:17,331 - DEBUG: wso2server.version_control.check_remote_changes()@104: [32mremote_rev: 'dc93e01ae8a626e0cbff709c5199db463ed3b91c'[0m
2015-05-12 18:31:51,476 - DEBUG: wso2server.version_control.check_remote_changes()@102: [32mdd-kernel[0m
2015-05-12 18:31:51,476 - DEBUG: wso2server.version_control.check_remote_changes()@103: [32mlocal rev: 'dc93e01ae8a626e0cbff709c5199db463ed3b91c'[0m
2015-05-12 18:31:51,477 - DEBUG: wso2server.version_control.check_remote_changes()@104: [32mremote_rev: 'dc93e01ae8a626e0cbff709c5199db463ed3b91c'[0m
2015-05-12 18:32:26,057 - DEBUG: wso2server.version_control.check_remote_changes()@102: [32mdd-kernel[0m
2015-05-12 18:32:26,057 - DEBUG: wso2server.version_control.check_remote_changes()@103: [32mlocal rev: 'dc93e01ae8a626e0cbff709c5199db463ed3b91c'[0m
2015-05-12 18:32:26,057 - DEBUG: wso2server.version_control.check_remote_changes()@104: [32mremote_rev: 'dc93e01ae8a626e0cbff709c5199db463ed3b91c'[0m
2015-05-12 18:33:00,318 - DEBUG: wso2server.version_control.check_remote_changes()@102: [32mdd-kernel[0m
2015-05-12 18:33:00,319 - DEBUG: wso2server.version_control.check_remote_changes()@103: [32mlocal rev: 'dc93e01ae8a626e0cbff709c5199db463ed3b91c'[0m
2015-05-12 18:33:00,319 - DEBUG: wso2server.version_control.check_remote_changes()@104: [32mremote_rev: 'dc93e01ae8a626e0cbff709c5199db463ed3b91c'[0m
2015-05-12 18:33:34,682 - DEBUG: wso2server.version_control.check_remote_changes()@102: [32mdd-kernel[0m
2015-05-12 18:33:34,682 - DEBUG: wso2server.version_control.check_remote_changes()@103: [32mlocal rev: 'dc93e01ae8a626e0cbff709c5199db463ed3b91c'[0m
2015-05-12 18:33:34,682 - DEBUG: wso2server.version_control.check_remote_changes()@104: [32mremote_rev: 'dc93e01ae8a626e0cbff709c5199db463ed3b91c'[0m
2015-05-12 18:34:13,641 - DEBUG: wso2server.version_control.check_remote_changes()@102: [32mdd-kernel[0m
2015-05-12 18:34:13,642 - DEBUG: wso2server.version_control.check_remote_changes()@103: [32mlocal rev: 'dc93e01ae8a626e0cbff709c5199db463ed3b91c'[0m
2015-05-12 18:34:13,642 - DEBUG: wso2server.version_control.check_remote_changes()@104: [32mremote_rev: 'dc93e01ae8a626e0cbff709c5199db463ed3b91c'[0m
2015-05-12 18:34:47,902 - DEBUG: wso2server.version_control.check_remote_changes()@102: [32mdd-kernel[0m
2015-05-12 18:34:47,902 - DEBUG: wso2server.version_control.check_remote_changes()@103: [32mlocal rev: 'dc93e01ae8a626e0cbff709c5199db463ed3b91c'[0m
2015-05-12 18:34:47,902 - DEBUG: wso2server.version_control.check_remote_changes()@104: [32mremote_rev: 'dc93e01ae8a626e0cbff709c5199db463ed3b91c'[0m
2015-05-12 18:34:52,235 - DEBUG: wso2server.resource_types.stop()@118: [32mfolder: stop()[0m
2015-05-12 18:34:52,235 - DEBUG: wso2server.resource_types.run()@110: [32mfolder: run()[0m
2015-05-12 18:34:52,236 - DEBUG: wso2server.resource_types.run()@115: [32mopening: http://localhost:8000/eventsapp[0m
2015-05-12 18:34:52,236 - DEBUG: wso2server.ddbrowser.open()@49: [32mopen http://localhost:8000/eventsapp[0m
2015-05-12 18:35:24,249 - DEBUG: wso2server.version_control.check_remote_changes()@102: [32mdd-kernel[0m
2015-05-12 18:35:24,249 - DEBUG: wso2server.version_control.check_remote_changes()@103: [32mlocal rev: 'dc93e01ae8a626e0cbff709c5199db463ed3b91c'[0m
2015-05-12 18:35:24,249 - DEBUG: wso2server.version_control.check_remote_changes()@104: [32mremote_rev: 'dc93e01ae8a626e0cbff709c5199db463ed3b91c'[0m
2015-05-12 18:35:58,300 - DEBUG: wso2server.version_control.check_remote_changes()@102: [32mdd-kernel[0m
2015-05-12 18:35:58,301 - DEBUG: wso2server.version_control.check_remote_changes()@103: [32mlocal rev: 'dc93e01ae8a626e0cbff709c5199db463ed3b91c'[0m
2015-05-12 18:35:58,301 - DEBUG: wso2server.version_control.check_remote_changes()@104: [32mremote_rev: 'dc93e01ae8a626e0cbff709c5199db463ed3b91c'[0m
2015-05-12 18:36:32,562 - DEBUG: wso2server.version_control.check_remote_changes()@102: [32mdd-kernel[0m
2015-05-12 18:36:32,562 - DEBUG: wso2server.version_control.check_remote_changes()@103: [32mlocal rev: 'dc93e01ae8a626e0cbff709c5199db463ed3b91c'[0m
2015-05-12 18:36:32,562 - DEBUG: wso2server.version_control.check_remote_changes()@104: [32mremote_rev: 'dc93e01ae8a626e0cbff709c5199db463ed3b91c'[0m
2015-05-12 18:37:11,205 - DEBUG: wso2server.version_control.check_remote_changes()@102: [32mdd-kernel[0m
2015-05-12 18:37:11,206 - DEBUG: wso2server.version_control.check_remote_changes()@103: [32mlocal rev: 'dc93e01ae8a626e0cbff709c5199db463ed3b91c'[0m
2015-05-12 18:37:11,206 - DEBUG: wso2server.version_control.check_remote_changes()@104: [32mremote_rev: 'dc93e01ae8a626e0cbff709c5199db463ed3b91c'[0m
2015-05-12 18:37:45,360 - DEBUG: wso2server.version_control.check_remote_changes()@102: [32mdd-kernel[0m
2015-05-12 18:37:45,361 - DEBUG: wso2server.version_control.check_remote_changes()@103: [32mlocal rev: 'dc93e01ae8a626e0cbff709c5199db463ed3b91c'[0m
2015-05-12 18:37:45,361 - DEBUG: wso2server.version_control.check_remote_changes()@104: [32mremote_rev: 'dc93e01ae8a626e0cbff709c5199db463ed3b91c'[0m
2015-05-12 18:38:19,411 - DEBUG: wso2server.version_control.check_remote_changes()@102: [32mdd-kernel[0m
2015-05-12 18:38:19,412 - DEBUG: wso2server.version_control.check_remote_changes()@103: [32mlocal rev: 'dc93e01ae8a626e0cbff709c5199db463ed3b91c'[0m
2015-05-12 18:38:19,412 - DEBUG: wso2server.version_control.check_remote_changes()@104: [32mremote_rev: 'dc93e01ae8a626e0cbff709c5199db463ed3b91c'[0m
2015-05-12 18:38:53,670 - DEBUG: wso2server.version_control.check_remote_changes()@102: [32mdd-kernel[0m
2015-05-12 18:38:53,671 - DEBUG: wso2server.version_control.check_remote_changes()@103: [32mlocal rev: 'dc93e01ae8a626e0cbff709c5199db463ed3b91c'[0m
2015-05-12 18:38:53,671 - DEBUG: wso2server.version_control.check_remote_changes()@104: [32mremote_rev: 'dc93e01ae8a626e0cbff709c5199db463ed3b91c'[0m
2015-05-12 18:39:27,930 - DEBUG: wso2server.version_control.check_remote_changes()@102: [32mdd-kernel[0m
2015-05-12 18:39:27,930 - DEBUG: wso2server.version_control.check_remote_changes()@103: [32mlocal rev: 'dc93e01ae8a626e0cbff709c5199db463ed3b91c'[0m
2015-05-12 18:39:27,931 - DEBUG: wso2server.version_control.check_remote_changes()@104: [32mremote_rev: 'dc93e01ae8a626e0cbff709c5199db463ed3b91c'[0m
2015-05-12 18:39:52,232 - DEBUG: wso2server.resource_types.stop()@118: [32mfolder: stop()[0m
2015-05-12 18:39:52,233 - DEBUG: wso2server.resource_types.run()@110: [32mfolder: run()[0m
2015-05-12 18:39:52,233 - DEBUG: wso2server.resource_types.run()@115: [32mopening: http://localhost:8000/eventsapp[0m
2015-05-12 18:39:52,233 - DEBUG: wso2server.ddbrowser.open()@49: [32mopen http://localhost:8000/eventsapp[0m
2015-05-12 18:40:02,085 - DEBUG: wso2server.version_control.check_remote_changes()@102: [32mdd-kernel[0m
2015-05-12 18:40:02,086 - DEBUG: wso2server.version_control.check_remote_changes()@103: [32mlocal rev: 'dc93e01ae8a626e0cbff709c5199db463ed3b91c'[0m
2015-05-12 18:40:02,086 - DEBUG: wso2server.version_control.check_remote_changes()@104: [32mremote_rev: 'dc93e01ae8a626e0cbff709c5199db463ed3b91c'[0m
2015-05-12 18:40:36,212 - DEBUG: wso2server.version_control.check_remote_changes()@102: [32mdd-kernel[0m
2015-05-12 18:40:36,213 - DEBUG: wso2server.version_control.check_remote_changes()@103: [32mlocal rev: 'dc93e01ae8a626e0cbff709c5199db463ed3b91c'[0m
2015-05-12 18:40:36,213 - DEBUG: wso2server.version_control.check_remote_changes()@104: [32mremote_rev: 'dc93e01ae8a626e0cbff709c5199db463ed3b91c'[0m
2015-05-12 18:41:13,846 - DEBUG: wso2server.version_control.check_remote_changes()@102: [32mdd-kernel[0m
2015-05-12 18:41:13,847 - DEBUG: wso2server.version_control.check_remote_changes()@103: [32mlocal rev: 'dc93e01ae8a626e0cbff709c5199db463ed3b91c'[0m
2015-05-12 18:41:13,847 - DEBUG: wso2server.version_control.check_remote_changes()@104: [32mremote_rev: 'dc93e01ae8a626e0cbff709c5199db463ed3b91c'[0m
2015-05-12 18:41:47,995 - DEBUG: wso2server.version_control.check_remote_changes()@102: [32mdd-kernel[0m
2015-05-12 18:41:47,996 - DEBUG: wso2server.version_control.check_remote_changes()@103: [32mlocal rev: 'dc93e01ae8a626e0cbff709c5199db463ed3b91c'[0m
2015-05-12 18:41:47,996 - DEBUG: wso2server.version_control.check_remote_changes()@104: [32mremote_rev: 'dc93e01ae8a626e0cbff709c5199db463ed3b91c'[0m
2015-05-12 18:42:22,465 - DEBUG: wso2server.version_control.check_remote_changes()@102: [32mdd-kernel[0m
2015-05-12 18:42:22,466 - DEBUG: wso2server.version_control.check_remote_changes()@103: [32mlocal rev: 'dc93e01ae8a626e0cbff709c5199db463ed3b91c'[0m
2015-05-12 18:42:22,466 - DEBUG: wso2server.version_control.check_remote_changes()@104: [32mremote_rev: 'dc93e01ae8a626e0cbff709c5199db463ed3b91c'[0m
2015-05-12 18:46:30,671 - INFO: wso2server.resource_types.main()@234: [34mServer  Starting...[0m
2015-05-12 18:46:34,920 - DEBUG: wso2server.version_control.check_remote_changes()@102: [32mdd-kernel[0m
2015-05-12 18:46:34,920 - DEBUG: wso2server.version_control.check_remote_changes()@103: [32mlocal rev: 'dc93e01ae8a626e0cbff709c5199db463ed3b91c'[0m
2015-05-12 18:46:34,920 - DEBUG: wso2server.version_control.check_remote_changes()@104: [32mremote_rev: 'dc93e01ae8a626e0cbff709c5199db463ed3b91c'[0m
2015-05-12 18:46:34,921 - DEBUG: wso2server.resource_types.poll_update()@229: [32mNo update policy found for Content, skipping update...![0m
2015-05-12 18:46:40,742 - DEBUG: wso2server.resource_types.run()@110: [32mfolder: run()[0m
2015-05-12 18:46:40,742 - DEBUG: wso2server.resource_types.run()@115: [32mopening: http://localhost:8000/eventsapp[0m
2015-05-12 18:46:40,742 - DEBUG: wso2server.ddbrowser.open()@49: [32mopen http://localhost:8000/eventsapp[0m
2015-05-12 18:47:14,506 - DEBUG: wso2server.version_control.check_remote_changes()@102: [32mdd-kernel[0m
2015-05-12 18:47:14,507 - DEBUG: wso2server.version_control.check_remote_changes()@103: [32mlocal rev: 'dc93e01ae8a626e0cbff709c5199db463ed3b91c'[0m
2015-05-12 18:47:14,507 - DEBUG: wso2server.version_control.check_remote_changes()@104: [32mremote_rev: 'dc93e01ae8a626e0cbff709c5199db463ed3b91c'[0m
2015-05-12 18:47:57,032 - INFO: wso2server.resource_types.main()@234: [34mServer  Starting...[0m
2015-05-12 18:48:01,092 - DEBUG: wso2server.version_control.check_remote_changes()@102: [32mdd-kernel[0m
2015-05-12 18:48:01,092 - DEBUG: wso2server.version_control.check_remote_changes()@103: [32mlocal rev: 'dc93e01ae8a626e0cbff709c5199db463ed3b91c'[0m
2015-05-12 18:48:01,092 - DEBUG: wso2server.version_control.check_remote_changes()@104: [32mremote_rev: 'dc93e01ae8a626e0cbff709c5199db463ed3b91c'[0m
2015-05-12 18:48:01,093 - DEBUG: wso2server.resource_types.poll_update()@229: [32mNo update policy found for Content, skipping update...![0m
2015-05-12 18:48:07,083 - DEBUG: wso2server.resource_types.run()@110: [32mfolder: run()[0m
2015-05-12 18:48:07,083 - DEBUG: wso2server.resource_types.run()@115: [32mopening: http://localhost:8000/eventsapp[0m
2015-05-12 18:48:07,084 - DEBUG: wso2server.ddbrowser.open()@49: [32mopen http://localhost:8000/eventsapp[0m
2015-05-12 18:48:35,222 - DEBUG: wso2server.version_control.check_remote_changes()@102: [32mdd-kernel[0m
2015-05-12 18:48:35,222 - DEBUG: wso2server.version_control.check_remote_changes()@103: [32mlocal rev: 'dc93e01ae8a626e0cbff709c5199db463ed3b91c'[0m
2015-05-12 18:48:35,222 - DEBUG: wso2server.version_control.check_remote_changes()@104: [32mremote_rev: 'dc93e01ae8a626e0cbff709c5199db463ed3b91c'[0m
2015-05-12 18:49:14,414 - DEBUG: wso2server.version_control.check_remote_changes()@102: [32mdd-kernel[0m
2015-05-12 18:49:14,415 - DEBUG: wso2server.version_control.check_remote_changes()@103: [32mlocal rev: 'dc93e01ae8a626e0cbff709c5199db463ed3b91c'[0m
2015-05-12 18:49:14,415 - DEBUG: wso2server.version_control.check_remote_changes()@104: [32mremote_rev: 'dc93e01ae8a626e0cbff709c5199db463ed3b91c'[0m
2015-05-12 18:49:48,503 - DEBUG: wso2server.version_control.check_remote_changes()@102: [32mdd-kernel[0m
2015-05-12 18:49:48,503 - DEBUG: wso2server.version_control.check_remote_changes()@103: [32mlocal rev: 'dc93e01ae8a626e0cbff709c5199db463ed3b91c'[0m
2015-05-12 18:49:48,503 - DEBUG: wso2server.version_control.check_remote_changes()@104: [32mremote_rev: 'dc93e01ae8a626e0cbff709c5199db463ed3b91c'[0m
2015-05-12 18:50:27,427 - DEBUG: wso2server.version_control.check_remote_changes()@102: [32mdd-kernel[0m
2015-05-12 18:50:27,428 - DEBUG: wso2server.version_control.check_remote_changes()@103: [32mlocal rev: 'dc93e01ae8a626e0cbff709c5199db463ed3b91c'[0m
2015-05-12 18:50:27,428 - DEBUG: wso2server.version_control.check_remote_changes()@104: [32mremote_rev: 'dc93e01ae8a626e0cbff709c5199db463ed3b91c'[0m
2015-05-12 18:51:01,552 - DEBUG: wso2server.version_control.check_remote_changes()@102: [32mdd-kernel[0m
2015-05-12 18:51:01,553 - DEBUG: wso2server.version_control.check_remote_changes()@103: [32mlocal rev: 'dc93e01ae8a626e0cbff709c5199db463ed3b91c'[0m
2015-05-12 18:51:01,553 - DEBUG: wso2server.version_control.check_remote_changes()@104: [32mremote_rev: 'dc93e01ae8a626e0cbff709c5199db463ed3b91c'[0m
2015-05-12 18:51:36,048 - DEBUG: wso2server.version_control.check_remote_changes()@102: [32mdd-kernel[0m
2015-05-12 18:51:36,048 - DEBUG: wso2server.version_control.check_remote_changes()@103: [32mlocal rev: 'dc93e01ae8a626e0cbff709c5199db463ed3b91c'[0m
2015-05-12 18:51:36,049 - DEBUG: wso2server.version_control.check_remote_changes()@104: [32mremote_rev: 'dc93e01ae8a626e0cbff709c5199db463ed3b91c'[0m
2015-05-12 18:52:15,426 - DEBUG: wso2server.version_control.check_remote_changes()@102: [32mdd-kernel[0m
2015-05-12 18:52:15,426 - DEBUG: wso2server.version_control.check_remote_changes()@103: [32mlocal rev: 'dc93e01ae8a626e0cbff709c5199db463ed3b91c'[0m
2015-05-12 18:52:15,426 - DEBUG: wso2server.version_control.check_remote_changes()@104: [32mremote_rev: 'dc93e01ae8a626e0cbff709c5199db463ed3b91c'[0m
2015-05-12 18:52:49,349 - DEBUG: wso2server.version_control.check_remote_changes()@102: [32mdd-kernel[0m
2015-05-12 18:52:49,349 - DEBUG: wso2server.version_control.check_remote_changes()@103: [32mlocal rev: 'dc93e01ae8a626e0cbff709c5199db463ed3b91c'[0m
2015-05-12 18:52:49,350 - DEBUG: wso2server.version_control.check_remote_changes()@104: [32mremote_rev: 'dc93e01ae8a626e0cbff709c5199db463ed3b91c'[0m
2015-05-12 18:53:07,085 - DEBUG: wso2server.resource_types.stop()@118: [32mfolder: stop()[0m
2015-05-12 18:53:07,085 - DEBUG: wso2server.resource_types.run()@110: [32mfolder: run()[0m
2015-05-12 18:53:07,085 - DEBUG: wso2server.resource_types.run()@115: [32mopening: http://localhost:8000/eventsapp[0m
2015-05-12 18:53:07,085 - DEBUG: wso2server.ddbrowser.open()@49: [32mopen http://localhost:8000/eventsapp[0m
2015-05-12 18:53:23,736 - DEBUG: wso2server.version_control.check_remote_changes()@102: [32mdd-kernel[0m
2015-05-12 18:53:23,736 - DEBUG: wso2server.version_control.check_remote_changes()@103: [32mlocal rev: 'dc93e01ae8a626e0cbff709c5199db463ed3b91c'[0m
2015-05-12 18:53:23,736 - DEBUG: wso2server.version_control.check_remote_changes()@104: [32mremote_rev: 'dc93e01ae8a626e0cbff709c5199db463ed3b91c'[0m
2015-05-12 18:53:57,958 - DEBUG: wso2server.version_control.check_remote_changes()@102: [32mdd-kernel[0m
2015-05-12 18:53:57,959 - DEBUG: wso2server.version_control.check_remote_changes()@103: [32mlocal rev: 'dc93e01ae8a626e0cbff709c5199db463ed3b91c'[0m
2015-05-12 18:53:57,959 - DEBUG: wso2server.version_control.check_remote_changes()@104: [32mremote_rev: 'dc93e01ae8a626e0cbff709c5199db463ed3b91c'[0m
2015-05-12 18:54:32,359 - DEBUG: wso2server.version_control.check_remote_changes()@102: [32mdd-kernel[0m
2015-05-12 18:54:32,360 - DEBUG: wso2server.version_control.check_remote_changes()@103: [32mlocal rev: 'dc93e01ae8a626e0cbff709c5199db463ed3b91c'[0m
2015-05-12 18:54:32,360 - DEBUG: wso2server.version_control.check_remote_changes()@104: [32mremote_rev: 'dc93e01ae8a626e0cbff709c5199db463ed3b91c'[0m
2015-05-12 18:55:13,510 - DEBUG: wso2server.version_control.check_remote_changes()@102: [32mdd-kernel[0m
2015-05-12 18:55:13,511 - DEBUG: wso2server.version_control.check_remote_changes()@103: [32mlocal rev: 'dc93e01ae8a626e0cbff709c5199db463ed3b91c'[0m
2015-05-12 18:55:13,511 - DEBUG: wso2server.version_control.check_remote_changes()@104: [32mremote_rev: 'dc93e01ae8a626e0cbff709c5199db463ed3b91c'[0m
2015-05-12 18:55:47,766 - DEBUG: wso2server.version_control.check_remote_changes()@102: [32mdd-kernel[0m
2015-05-12 18:55:47,767 - DEBUG: wso2server.version_control.check_remote_changes()@103: [32mlocal rev: 'dc93e01ae8a626e0cbff709c5199db463ed3b91c'[0m
2015-05-12 18:55:47,767 - DEBUG: wso2server.version_control.check_remote_changes()@104: [32mremote_rev: 'dc93e01ae8a626e0cbff709c5199db463ed3b91c'[0m
2015-05-12 18:56:23,075 - DEBUG: wso2server.version_control.check_remote_changes()@102: [32mdd-kernel[0m
2015-05-12 18:56:23,076 - DEBUG: wso2server.version_control.check_remote_changes()@103: [32mlocal rev: 'dc93e01ae8a626e0cbff709c5199db463ed3b91c'[0m
2015-05-12 18:56:23,076 - DEBUG: wso2server.version_control.check_remote_changes()@104: [32mremote_rev: 'dc93e01ae8a626e0cbff709c5199db463ed3b91c'[0m
2015-05-12 18:56:57,111 - DEBUG: wso2server.version_control.check_remote_changes()@102: [32mdd-kernel[0m
2015-05-12 18:56:57,112 - DEBUG: wso2server.version_control.check_remote_changes()@103: [32mlocal rev: 'dc93e01ae8a626e0cbff709c5199db463ed3b91c'[0m
2015-05-12 18:56:57,112 - DEBUG: wso2server.version_control.check_remote_changes()@104: [32mremote_rev: 'dc93e01ae8a626e0cbff709c5199db463ed3b91c'[0m
2015-05-12 18:57:31,175 - DEBUG: wso2server.version_control.check_remote_changes()@102: [32mdd-kernel[0m
2015-05-12 18:57:31,175 - DEBUG: wso2server.version_control.check_remote_changes()@103: [32mlocal rev: 'dc93e01ae8a626e0cbff709c5199db463ed3b91c'[0m
2015-05-12 18:57:31,176 - DEBUG: wso2server.version_control.check_remote_changes()@104: [32mremote_rev: 'dc93e01ae8a626e0cbff709c5199db463ed3b91c'[0m
2015-05-12 18:58:07,083 - DEBUG: wso2server.resource_types.stop()@118: [32mfolder: stop()[0m
2015-05-12 18:58:07,084 - DEBUG: wso2server.resource_types.run()@110: [32mfolder: run()[0m
2015-05-12 18:58:07,084 - DEBUG: wso2server.resource_types.run()@115: [32mopening: http://localhost:8000/eventsapp[0m
2015-05-12 18:58:07,084 - DEBUG: wso2server.ddbrowser.open()@49: [32mopen http://localhost:8000/eventsapp[0m
2015-05-12 18:58:09,927 - DEBUG: wso2server.version_control.check_remote_changes()@102: [32mdd-kernel[0m
2015-05-12 18:58:09,928 - DEBUG: wso2server.version_control.check_remote_changes()@103: [32mlocal rev: 'dc93e01ae8a626e0cbff709c5199db463ed3b91c'[0m
2015-05-12 18:58:09,928 - DEBUG: wso2server.version_control.check_remote_changes()@104: [32mremote_rev: 'dc93e01ae8a626e0cbff709c5199db463ed3b91c'[0m
2015-05-12 18:58:44,499 - DEBUG: wso2server.version_control.check_remote_changes()@102: [32mdd-kernel[0m
2015-05-12 18:58:44,499 - DEBUG: wso2server.version_control.check_remote_changes()@103: [32mlocal rev: 'dc93e01ae8a626e0cbff709c5199db463ed3b91c'[0m
2015-05-12 18:58:44,500 - DEBUG: wso2server.version_control.check_remote_changes()@104: [32mremote_rev: 'dc93e01ae8a626e0cbff709c5199db463ed3b91c'[0m
2015-05-12 18:59:19,804 - DEBUG: wso2server.version_control.check_remote_changes()@102: [32mdd-kernel[0m
2015-05-12 18:59:19,804 - DEBUG: wso2server.version_control.check_remote_changes()@103: [32mlocal rev: 'dc93e01ae8a626e0cbff709c5199db463ed3b91c'[0m
2015-05-12 18:59:19,804 - DEBUG: wso2server.version_control.check_remote_changes()@104: [32mremote_rev: 'dc93e01ae8a626e0cbff709c5199db463ed3b91c'[0m
2015-05-12 18:59:54,062 - DEBUG: wso2server.version_control.check_remote_changes()@102: [32mdd-kernel[0m
2015-05-12 18:59:54,063 - DEBUG: wso2server.version_control.check_remote_changes()@103: [32mlocal rev: 'dc93e01ae8a626e0cbff709c5199db463ed3b91c'[0m
2015-05-12 18:59:54,063 - DEBUG: wso2server.version_control.check_remote_changes()@104: [32mremote_rev: 'dc93e01ae8a626e0cbff709c5199db463ed3b91c'[0m
2015-05-12 19:00:31,769 - DEBUG: wso2server.version_control.check_remote_changes()@102: [32mdd-kernel[0m
2015-05-12 19:00:31,770 - DEBUG: wso2server.version_control.check_remote_changes()@103: [32mlocal rev: 'dc93e01ae8a626e0cbff709c5199db463ed3b91c'[0m
2015-05-12 19:00:31,770 - DEBUG: wso2server.version_control.check_remote_changes()@104: [32mremote_rev: 'dc93e01ae8a626e0cbff709c5199db463ed3b91c'[0m
2015-05-12 19:01:12,505 - DEBUG: wso2server.version_control.check_remote_changes()@102: [32mdd-kernel[0m
2015-05-12 19:01:12,506 - DEBUG: wso2server.version_control.check_remote_changes()@103: [32mlocal rev: 'dc93e01ae8a626e0cbff709c5199db463ed3b91c'[0m
2015-05-12 19:01:12,506 - DEBUG: wso2server.version_control.check_remote_changes()@104: [32mremote_rev: 'dc93e01ae8a626e0cbff709c5199db463ed3b91c'[0m
2015-05-12 19:01:46,614 - DEBUG: wso2server.version_control.check_remote_changes()@102: [32mdd-kernel[0m
2015-05-12 19:01:46,615 - DEBUG: wso2server.version_control.check_remote_changes()@103: [32mlocal rev: 'dc93e01ae8a626e0cbff709c5199db463ed3b91c'[0m
2015-05-12 19:01:46,615 - DEBUG: wso2server.version_control.check_remote_changes()@104: [32mremote_rev: 'dc93e01ae8a626e0cbff709c5199db463ed3b91c'[0m
2015-05-12 19:02:23,112 - DEBUG: wso2server.version_control.check_remote_changes()@102: [32mdd-kernel[0m
2015-05-12 19:02:23,113 - DEBUG: wso2server.version_control.check_remote_changes()@103: [32mlocal rev: 'dc93e01ae8a626e0cbff709c5199db463ed3b91c'[0m
2015-05-12 19:02:23,113 - DEBUG: wso2server.version_control.check_remote_changes()@104: [32mremote_rev: 'dc93e01ae8a626e0cbff709c5199db463ed3b91c'[0m
2015-05-12 19:02:57,122 - DEBUG: wso2server.version_control.check_remote_changes()@102: [32mdd-kernel[0m
2015-05-12 19:02:57,123 - DEBUG: wso2server.version_control.check_remote_changes()@103: [32mlocal rev: 'dc93e01ae8a626e0cbff709c5199db463ed3b91c'[0m
2015-05-12 19:02:57,123 - DEBUG: wso2server.version_control.check_remote_changes()@104: [32mremote_rev: 'dc93e01ae8a626e0cbff709c5199db463ed3b91c'[0m
2015-05-12 19:03:07,085 - DEBUG: wso2server.resource_types.stop()@118: [32mfolder: stop()[0m
2015-05-12 19:03:07,086 - DEBUG: wso2server.resource_types.run()@110: [32mfolder: run()[0m
2015-05-12 19:03:07,087 - DEBUG: wso2server.resource_types.run()@115: [32mopening: http://localhost:8000/eventsapp[0m
2015-05-12 19:03:07,087 - DEBUG: wso2server.ddbrowser.open()@49: [32mopen http://localhost:8000/eventsapp[0m
2015-05-12 19:03:31,290 - DEBUG: wso2server.version_control.check_remote_changes()@102: [32mdd-kernel[0m
2015-05-12 19:03:31,291 - DEBUG: wso2server.version_control.check_remote_changes()@103: [32mlocal rev: 'dc93e01ae8a626e0cbff709c5199db463ed3b91c'[0m
2015-05-12 19:03:31,291 - DEBUG: wso2server.version_control.check_remote_changes()@104: [32mremote_rev: 'dc93e01ae8a626e0cbff709c5199db463ed3b91c'[0m
2015-05-12 19:11:00,903 - DEBUG: wso2server.resource_types.stop()@118: [32mfolder: stop()[0m
2015-05-12 19:11:00,904 - DEBUG: wso2server.resource_types.run()@110: [32mfolder: run()[0m
2015-05-12 19:11:00,904 - DEBUG: wso2server.resource_types.run()@115: [32mopening: http://localhost:8000/eventsapp[0m
2015-05-12 19:11:00,904 - DEBUG: wso2server.ddbrowser.open()@49: [32mopen http://localhost:8000/eventsapp[0m
2015-05-12 19:16:00,903 - DEBUG: wso2server.resource_types.stop()@118: [32mfolder: stop()[0m
2015-05-12 19:16:00,904 - DEBUG: wso2server.resource_types.run()@110: [32mfolder: run()[0m
2015-05-12 19:16:00,904 - DEBUG: wso2server.resource_types.run()@115: [32mopening: http://localhost:8000/eventsapp[0m
2015-05-12 19:16:00,904 - DEBUG: wso2server.ddbrowser.open()@49: [32mopen http://localhost:8000/eventsapp[0m
2015-05-12 19:21:00,903 - DEBUG: wso2server.resource_types.stop()@118: [32mfolder: stop()[0m
2015-05-12 19:21:00,904 - DEBUG: wso2server.resource_types.run()@110: [32mfolder: run()[0m
2015-05-12 19:21:00,904 - DEBUG: wso2server.resource_types.run()@115: [32mopening: http://localhost:8000/eventsapp[0m
2015-05-12 19:21:00,904 - DEBUG: wso2server.ddbrowser.open()@49: [32mopen http://localhost:8000/eventsapp[0m
2015-05-12 19:26:00,904 - DEBUG: wso2server.resource_types.stop()@118: [32mfolder: stop()[0m
2015-05-12 19:26:00,905 - DEBUG: wso2server.resource_types.run()@110: [32mfolder: run()[0m
2015-05-12 19:26:00,905 - DEBUG: wso2server.resource_types.run()@115: [32mopening: http://localhost:8000/eventsapp[0m
2015-05-12 19:26:00,905 - DEBUG: wso2server.ddbrowser.open()@49: [32mopen http://localhost:8000/eventsapp[0m
2015-05-12 19:26:49,593 - WARNING: wso2server.version_control.check_remote_changes()@99: [33mError occurred on check_remote_changes():remote Command 'git ls-remote git@bitbucket.org:rasika90/dd-kernel.git | head -1 | sed "s/HEAD//"' returned non-zero exit status -2[0m
2015-05-12 19:27:24,785 - DEBUG: wso2server.version_control.check_remote_changes()@102: [32mdd-kernel[0m
2015-05-12 19:27:24,786 - DEBUG: wso2server.version_control.check_remote_changes()@103: [32mlocal rev: 'dc93e01ae8a626e0cbff709c5199db463ed3b91c'[0m
2015-05-12 19:27:24,786 - DEBUG: wso2server.version_control.check_remote_changes()@104: [32mremote_rev: 'dc93e01ae8a626e0cbff709c5199db463ed3b91c'[0m
2015-05-12 19:27:58,941 - DEBUG: wso2server.version_control.check_remote_changes()@102: [32mdd-kernel[0m
2015-05-12 19:27:58,941 - DEBUG: wso2server.version_control.check_remote_changes()@103: [32mlocal rev: 'dc93e01ae8a626e0cbff709c5199db463ed3b91c'[0m
2015-05-12 19:27:58,942 - DEBUG: wso2server.version_control.check_remote_changes()@104: [32mremote_rev: 'dc93e01ae8a626e0cbff709c5199db463ed3b91c'[0m
2015-05-12 19:30:15,267 - INFO: wso2server.resource_types.main()@234: [34mServer  Starting...[0m
2015-05-12 19:30:32,082 - INFO: wso2server.resource_types.main()@234: [34mServer  Starting...[0m
2015-05-12 19:30:39,271 - DEBUG: wso2server.version_control.check_remote_changes()@102: [32mdd-kernel[0m
2015-05-12 19:30:39,271 - DEBUG: wso2server.version_control.check_remote_changes()@103: [32mlocal rev: 'dc93e01ae8a626e0cbff709c5199db463ed3b91c'[0m
2015-05-12 19:30:39,272 - DEBUG: wso2server.version_control.check_remote_changes()@104: [32mremote_rev: 'dc93e01ae8a626e0cbff709c5199db463ed3b91c'[0m
2015-05-12 19:30:39,273 - DEBUG: wso2server.resource_types.poll_update()@229: [32mNo update policy found for Content, skipping update...![0m
2015-05-12 19:30:42,135 - DEBUG: wso2server.resource_types.run()@110: [32mfolder: run()[0m
2015-05-12 19:30:42,135 - DEBUG: wso2server.resource_types.run()@115: [32mopening: http://localhost:8000/eventsapp[0m
2015-05-12 19:30:42,136 - DEBUG: wso2server.ddbrowser.open()@49: [32mopen http://localhost:8000/eventsapp[0m
2015-05-12 19:31:18,805 - INFO: wso2server.resource_types.main()@234: [34mServer  Starting...[0m
2015-05-12 19:31:26,587 - DEBUG: wso2server.version_control.check_remote_changes()@102: [32mdd-kernel[0m
2015-05-12 19:31:26,587 - DEBUG: wso2server.version_control.check_remote_changes()@103: [32mlocal rev: 'dc93e01ae8a626e0cbff709c5199db463ed3b91c'[0m
2015-05-12 19:31:26,587 - DEBUG: wso2server.version_control.check_remote_changes()@104: [32mremote_rev: 'dc93e01ae8a626e0cbff709c5199db463ed3b91c'[0m
2015-05-12 19:31:26,588 - DEBUG: wso2server.resource_types.poll_update()@229: [32mNo update policy found for Content, skipping update...![0m
2015-05-12 19:31:28,863 - DEBUG: wso2server.resource_types.run()@110: [32mfolder: run()[0m
2015-05-12 19:31:28,863 - DEBUG: wso2server.resource_types.run()@115: [32mopening: http://localhost:8000/eventsapp[0m
2015-05-12 19:31:28,863 - DEBUG: wso2server.ddbrowser.open()@49: [32mopen http://localhost:8000/eventsapp[0m
2015-05-12 19:32:01,369 - DEBUG: wso2server.version_control.check_remote_changes()@102: [32mdd-kernel[0m
2015-05-12 19:32:01,369 - DEBUG: wso2server.version_control.check_remote_changes()@103: [32mlocal rev: 'dc93e01ae8a626e0cbff709c5199db463ed3b91c'[0m
2015-05-12 19:32:01,369 - DEBUG: wso2server.version_control.check_remote_changes()@104: [32mremote_rev: 'dc93e01ae8a626e0cbff709c5199db463ed3b91c'[0m
2015-05-12 20:22:45,705 - INFO: wso2server.resource_types.main()@236: [34mServer  Starting...[0m
2015-05-12 20:22:55,758 - DEBUG: wso2server.resource_types.run()@122: [32mfolder: run()[0m
2015-05-12 20:22:55,758 - DEBUG: wso2server.resource_types.run()@125: [32mopening: http://localhost:8000/eventsapp[0m
2015-05-12 20:22:55,758 - DEBUG: wso2server.ddbrowser.open()@52: [32mopen http://localhost:8000/eventsapp[0m
2015-05-12 20:22:59,735 - DEBUG: wso2server.version_control.check_remote_changes()@101: [32mdd-kernel[0m
2015-05-12 20:22:59,736 - DEBUG: wso2server.version_control.check_remote_changes()@102: [32mlocal rev: 'dc93e01ae8a626e0cbff709c5199db463ed3b91c'[0m
2015-05-12 20:22:59,736 - DEBUG: wso2server.version_control.check_remote_changes()@103: [32mremote_rev: 'dc93e01ae8a626e0cbff709c5199db463ed3b91c'[0m
2015-05-12 20:22:59,736 - DEBUG: wso2server.resource_types.poll_update()@231: [32mNo update policy found for Content, skipping update...![0m
2015-05-12 20:23:33,994 - DEBUG: wso2server.version_control.check_remote_changes()@101: [32mdd-kernel[0m
2015-05-12 20:23:33,995 - DEBUG: wso2server.version_control.check_remote_changes()@102: [32mlocal rev: 'dc93e01ae8a626e0cbff709c5199db463ed3b91c'[0m
2015-05-12 20:23:33,995 - DEBUG: wso2server.version_control.check_remote_changes()@103: [32mremote_rev: 'dc93e01ae8a626e0cbff709c5199db463ed3b91c'[0m
2015-05-12 20:28:49,585 - INFO: wso2server.resource_types.main()@236: [34mServer  Starting...[0m
2015-05-12 20:28:59,588 - DEBUG: wso2server.resource_types.poll_update()@221: [32mNo update policy found for Kernel, skipping update...![0m
2015-05-12 20:28:59,588 - DEBUG: wso2server.resource_types.poll_update()@231: [32mNo update policy found for Content, skipping update...![0m
2015-05-12 20:28:59,637 - DEBUG: wso2server.resource_types.run()@122: [32mfolder: run()[0m
2015-05-12 20:28:59,638 - DEBUG: wso2server.resource_types.run()@125: [32mopening: http://localhost:8000/eventsapp[0m
2015-05-12 20:28:59,638 - DEBUG: wso2server.ddbrowser.open()@52: [32mopen http://localhost:8000/eventsapp[0m
